<?xml version="1.0" encoding="UTF-8"?>
<!-- Generated by org.testng.reporters.JUnitReportReporter -->
<testsuite hostname="Khosruzs-MacBook-Pro.local" failures="0" tests="7" name="tests.WebTableTest" time="1.199" errors="0" timestamp="2025-10-07T15:14:11 EDT" skipped="0">
  <testcase classname="tests.WebTableTest" name="testRowCount" time="0.007"/>
  <system-out/>
  <testcase classname="tests.WebTableTest" name="testFetchAndPrintData" time="0.240"/>
  <system-out/>
  <testcase classname="tests.WebTableTest" name="testSearchSpecificRecord" time="0.181"/>
  <system-out/>
  <testcase classname="tests.WebTableTest" name="testAddNewRecordAndSearch" time="0.302"/>
  <system-out/>
  <testcase classname="tests.WebTableTest" name="testDeleteRecord" time="0.330"/>
  <system-out/>
  <testcase classname="tests.WebTableTest" name="testFilterByLocation" time="0.098"/>
  <system-out/>
  <testcase classname="tests.WebTableTest" name="testDynamicRoleValidation" time="0.041"/>
  <system-out/>
</testsuite> <!-- tests.WebTableTest -->
