<?xml version="1.0" encoding="UTF-8"?>
<!-- Generated by org.testng.reporters.JUnitReportReporter -->
<testsuite hostname="Khosruzs-MacBook-Pro.local" failures="0" tests="4" name="tests.DropdownTest" time="0.303" errors="0" timestamp="2025-10-07T15:14:11 EDT" skipped="0">
  <testcase classname="tests.DropdownTest" name="testSelectCountry" time="0.107"/>
  <system-out/>
  <testcase classname="tests.DropdownTest" name="testAllDropdownOptions" time="0.080"/>
  <system-out/>
  <testcase classname="tests.DropdownTest" name="testIsOptionPresentInCityDropdown" time="0.071"/>
  <system-out/>
  <testcase classname="tests.DropdownTest" name="testIsCountryDropdownMultiSelect" time="0.045"/>
  <system-out/>
</testsuite> <!-- tests.DropdownTest -->
