<?xml version="1.0" encoding="UTF-8"?>
<!-- Generated by org.testng.reporters.JUnitReportReporter -->
<testsuite hostname="Khosruzs-MacBook-Pro.local" failures="0" tests="3" name="tests.LoginPageTest" time="3.757" errors="0" timestamp="2025-10-08T00:46:54 EDT" skipped="0">
  <testcase classname="tests.LoginPageTest" name="validatePageTitle" time="0.692"/>
  <system-out/>
  <testcase classname="tests.LoginPageTest" name="loginWithValidCredentials" time="0.880"/>
  <system-out/>
  <testcase classname="tests.LoginPageTest" name="loginWithInvalidCredentials" time="2.185"/>
  <system-out/>
</testsuite> <!-- tests.LoginPageTest -->
