<?xml version="1.0" encoding="UTF-8"?>
<!-- Generated by org.testng.reporters.JUnitReportReporter -->
<testsuite hostname="Khosruzs-MacBook-Pro.local" failures="0" tests="3" name="tests.AlertsAndPopupTest" time="0.251" errors="0" timestamp="2025-10-12T23:53:29 EDT" skipped="0">
  <testcase classname="tests.AlertsAndPopupTest" name="basicAlertHandling" time="0.081"/>
  <system-out/>
  <testcase classname="tests.AlertsAndPopupTest" name="confirmationAlertHandling" time="0.074"/>
  <system-out/>
  <testcase classname="tests.AlertsAndPopupTest" name="promptAlertHandling" time="0.096"/>
  <system-out/>
</testsuite> <!-- tests.AlertsAndPopupTest -->
