<?xml version="1.0" encoding="UTF-8"?>
<!-- Generated by org.testng.reporters.JUnitReportReporter -->
<testsuite hostname="Khosruzs-MacBook-Pro.local" failures="0" tests="1" name="tests.JsonTest" time="0.289" errors="0" timestamp="2025-01-04T00:10:20 EST" skipped="0">
  <testcase classname="tests.JsonTest" name="testLoadJsonData" time="0.289"/>
  <system-out/>
</testsuite> <!-- tests.JsonTest -->
