<?xml version="1.0" encoding="UTF-8"?>
<!-- Generated by org.testng.reporters.JUnitReportReporter -->
<testsuite hostname="Khosruzs-MacBook-Pro.local" failures="0" tests="1" name="tests.TextBoxTest" time="0.547" errors="0" timestamp="2025-10-07T15:14:11 EDT" skipped="0">
  <testcase classname="tests.TextBoxTest" name="testTextBox" time="0.547"/>
  <system-out/>
</testsuite> <!-- tests.TextBoxTest -->
