<?xml version="1.0" encoding="UTF-8"?>
<!-- Generated by org.testng.reporters.JUnitReportReporter -->
<testsuite hostname="Khosruzs-MacBook-Pro.local" failures="0" tests="1" name="tests.WebTableTest" time="0.116" errors="0" timestamp="2025-10-07T23:50:12 EDT" skipped="0">
  <testcase classname="tests.WebTableTest" name="testFilterByLocation" time="0.116"/>
  <system-out/>
</testsuite> <!-- tests.WebTableTest -->
