<?xml version="1.0" encoding="UTF-8"?>
<!-- Generated by org.testng.reporters.JUnitReportReporter -->
<testsuite hostname="Khosruzs-MacBook-Pro.local" failures="0" tests="4" name="tests.DropdownTest" time="0.261" errors="0" timestamp="2025-10-12T23:53:29 EDT" skipped="0">
  <testcase classname="tests.DropdownTest" name="testSelectCountry" time="0.090"/>
  <system-out/>
  <testcase classname="tests.DropdownTest" name="testAllDropdownOptions" time="0.080"/>
  <system-out/>
  <testcase classname="tests.DropdownTest" name="testIsOptionPresentInCityDropdown" time="0.060"/>
  <system-out/>
  <testcase classname="tests.DropdownTest" name="testIsCountryDropdownMultiSelect" time="0.031"/>
  <system-out/>
</testsuite> <!-- tests.DropdownTest -->
