<?xml version="1.0" encoding="UTF-8"?>
<!-- Generated by org.testng.reporters.JUnitReportReporter -->
<testsuite hostname="Khosruzs-MacBook-Pro.local" failures="0" tests="7" name="tests.WebTableTest" time="1.082" errors="0" timestamp="2025-10-12T23:53:29 EDT" skipped="0">
  <testcase classname="tests.WebTableTest" name="testRowCount" time="0.008"/>
  <system-out/>
  <testcase classname="tests.WebTableTest" name="testFetchAndPrintData" time="0.216"/>
  <system-out/>
  <testcase classname="tests.WebTableTest" name="testSearchSpecificRecord" time="0.172"/>
  <system-out/>
  <testcase classname="tests.WebTableTest" name="testAddNewRecordAndSearch" time="0.263"/>
  <system-out/>
  <testcase classname="tests.WebTableTest" name="testDeleteRecord" time="0.297"/>
  <system-out/>
  <testcase classname="tests.WebTableTest" name="testFilterByLocation" time="0.088"/>
  <system-out/>
  <testcase classname="tests.WebTableTest" name="testDynamicRoleValidation" time="0.038"/>
  <system-out/>
</testsuite> <!-- tests.WebTableTest -->
