<?xml version="1.0" encoding="UTF-8"?>
<!-- Generated by org.testng.reporters.JUnitReportReporter -->
<testsuite hostname="Khosruzs-MacBook-Pro.local" failures="0" tests="7" name="tests.WebTableTest" time="1.139" errors="0" timestamp="2025-10-08T00:46:54 EDT" skipped="0">
  <testcase classname="tests.WebTableTest" name="testRowCount" time="0.006"/>
  <system-out/>
  <testcase classname="tests.WebTableTest" name="testFetchAndPrintData" time="0.238"/>
  <system-out/>
  <testcase classname="tests.WebTableTest" name="testSearchSpecificRecord" time="0.189"/>
  <system-out/>
  <testcase classname="tests.WebTableTest" name="testAddNewRecordAndSearch" time="0.261"/>
  <system-out/>
  <testcase classname="tests.WebTableTest" name="testDeleteRecord" time="0.317"/>
  <system-out/>
  <testcase classname="tests.WebTableTest" name="testFilterByLocation" time="0.088"/>
  <system-out/>
  <testcase classname="tests.WebTableTest" name="testDynamicRoleValidation" time="0.040"/>
  <system-out/>
</testsuite> <!-- tests.WebTableTest -->
