<?xml version="1.0" encoding="UTF-8"?>
<!-- Generated by org.testng.reporters.JUnitReportReporter -->
<testsuite hostname="Khosruzs-MacBook-Pro.local" failures="0" tests="3" name="tests.AlertsAndPopupTest" time="0.355" errors="0" timestamp="2025-10-07T15:14:11 EDT" skipped="0">
  <testcase classname="tests.AlertsAndPopupTest" name="basicAlertHandling" time="0.116"/>
  <system-out/>
  <testcase classname="tests.AlertsAndPopupTest" name="confirmationAlertHandling" time="0.103"/>
  <system-out/>
  <testcase classname="tests.AlertsAndPopupTest" name="promptAlertHandling" time="0.136"/>
  <system-out/>
</testsuite> <!-- tests.AlertsAndPopupTest -->
