<?xml version="1.0" encoding="UTF-8"?>
<!-- Generated by org.testng.reporters.JUnitReportReporter -->
<testsuite hostname="Khosruzs-MacBook-Pro.local" failures="0" tests="1" name="tests.LoginPageTest" time="2.331" errors="0" timestamp="2025-10-14T00:14:57 EDT" skipped="0">
  <testcase classname="tests.LoginPageTest" name="endToEndLoginWithValidCredentials" time="2.331"/>
  <system-out/>
</testsuite> <!-- tests.LoginPageTest -->
