<?xml version="1.0" encoding="UTF-8"?>
<!-- Generated by org.testng.reporters.JUnitReportReporter -->
<testsuite hostname="Khosruzs-MacBook-Pro.local" failures="0" tests="3" name="tests.LoginPageTest" time="5.104" errors="0" timestamp="2025-10-13T00:42:30 EDT" skipped="0">
  <testcase classname="tests.LoginPageTest" name="validatePageTitle" time="2.254"/>
  <system-out/>
  <testcase classname="tests.LoginPageTest" name="loginWithValidCredentials" time="1.549"/>
  <system-out/>
  <testcase classname="tests.LoginPageTest" name="loginWithInvalidCredentials" time="1.301"/>
  <system-out/>
</testsuite> <!-- tests.LoginPageTest -->
