<?xml version="1.0" encoding="UTF-8"?>
<!-- Generated by org.testng.reporters.JUnitReportReporter -->
<testsuite hostname="Khosruzs-MacBook-Pro.local" failures="0" tests="4" name="tests.IFrameTest" time="2.360" errors="0" timestamp="2025-10-07T15:14:11 EDT" skipped="0">
  <testcase classname="tests.IFrameTest" name="testIFrame1Content" time="0.077"/>
  <system-out/>
  <testcase classname="tests.IFrameTest" name="testIFrame2Content" time="0.081"/>
  <system-out/>
  <testcase classname="tests.IFrameTest" name="testSwitchBetweenIFrames" time="2.124"/>
  <system-out/>
  <testcase classname="tests.IFrameTest" name="testVerifyIFrameContentPresence" time="0.078"/>
  <system-out/>
</testsuite> <!-- tests.IFrameTest -->
