<?xml version="1.0" encoding="UTF-8"?>
<!-- Generated by org.testng.reporters.JUnitReportReporter -->
<testsuite hostname="Khosruzs-MacBook-Pro.local" failures="0" tests="6" name="tests.CheckBoxTest" time="12.820" errors="0" timestamp="2025-10-12T23:53:29 EDT" skipped="0">
  <testcase classname="tests.CheckBoxTest" name="validatePageTitle" time="0.059"/>
  <system-out/>
  <testcase classname="tests.CheckBoxTest" name="testNavigateToCheckBoxMenu" time="0.043"/>
  <system-out/>
  <testcase classname="tests.CheckBoxTest" name="testSelectIndividualCheckBox" time="0.088"/>
  <system-out/>
  <testcase classname="tests.CheckBoxTest" name="testDeselectIndividualCheckBox" time="0.098"/>
  <system-out/>
  <testcase classname="tests.CheckBoxTest" name="testSelectEachCheckBoxes" time="12.409"/>
  <system-out/>
  <testcase classname="tests.CheckBoxTest" name="testDeselectAllCheckBoxes" time="0.123"/>
  <system-out/>
</testsuite> <!-- tests.CheckBoxTest -->
