<?xml version="1.0" encoding="UTF-8"?>
<!-- Generated by org.testng.reporters.JUnitReportReporter -->
<testsuite hostname="Khosruzs-MacBook-Pro.local" failures="0" tests="6" name="tests.CheckBoxTest" time="13.092" errors="0" timestamp="2025-10-07T15:14:11 EDT" skipped="0">
  <testcase classname="tests.CheckBoxTest" name="validatePageTitle" time="0.044"/>
  <system-out/>
  <testcase classname="tests.CheckBoxTest" name="testNavigateToCheckBoxMenu" time="0.087"/>
  <system-out/>
  <testcase classname="tests.CheckBoxTest" name="testSelectIndividualCheckBox" time="0.116"/>
  <system-out/>
  <testcase classname="tests.CheckBoxTest" name="testDeselectIndividualCheckBox" time="0.257"/>
  <system-out/>
  <testcase classname="tests.CheckBoxTest" name="testSelectEachCheckBoxes" time="12.449"/>
  <system-out/>
  <testcase classname="tests.CheckBoxTest" name="testDeselectAllCheckBoxes" time="0.139"/>
  <system-out/>
</testsuite> <!-- tests.CheckBoxTest -->
