<?xml version="1.0" encoding="UTF-8"?>
<!-- Generated by org.testng.reporters.JUnitReportReporter -->
<testsuite hostname="Khosruzs-MacBook-Pro.local" failures="0" tests="2" name="tests.RadioButtonTest" time="0.633" errors="0" timestamp="2025-10-07T15:14:11 EDT" skipped="0">
  <testcase classname="tests.RadioButtonTest" name="selectMaleAge_18_25" time="0.328"/>
  <system-out/>
  <testcase classname="tests.RadioButtonTest" name="selectFemaleOption" time="0.305"/>
  <system-out/>
</testsuite> <!-- tests.RadioButtonTest -->
