<?xml version="1.0" encoding="UTF-8"?>
<!-- Generated by org.testng.reporters.JUnitReportReporter -->
<testsuite hostname="Khosruzs-MacBook-Pro.local" failures="0" tests="6" name="tests.CheckBoxTest" time="12.815" errors="0" timestamp="2025-10-08T00:46:54 EDT" skipped="0">
  <testcase classname="tests.CheckBoxTest" name="validatePageTitle" time="0.035"/>
  <system-out/>
  <testcase classname="tests.CheckBoxTest" name="testNavigateToCheckBoxMenu" time="0.043"/>
  <system-out/>
  <testcase classname="tests.CheckBoxTest" name="testSelectIndividualCheckBox" time="0.085"/>
  <system-out/>
  <testcase classname="tests.CheckBoxTest" name="testDeselectIndividualCheckBox" time="0.111"/>
  <system-out/>
  <testcase classname="tests.CheckBoxTest" name="testSelectEachCheckBoxes" time="12.393"/>
  <system-out/>
  <testcase classname="tests.CheckBoxTest" name="testDeselectAllCheckBoxes" time="0.148"/>
  <system-out/>
</testsuite> <!-- tests.CheckBoxTest -->
