<?xml version="1.0" encoding="UTF-8"?>
<!-- Generated by org.testng.reporters.JUnitReportReporter -->
<testsuite hostname="Khosruzs-MacBook-Pro.local" failures="0" tests="4" name="tests.IFrameTest" time="2.331" errors="0" timestamp="2025-10-08T00:46:54 EDT" skipped="0">
  <testcase classname="tests.IFrameTest" name="testIFrame1Content" time="0.067"/>
  <system-out/>
  <testcase classname="tests.IFrameTest" name="testIFrame2Content" time="0.079"/>
  <system-out/>
  <testcase classname="tests.IFrameTest" name="testSwitchBetweenIFrames" time="2.096"/>
  <system-out/>
  <testcase classname="tests.IFrameTest" name="testVerifyIFrameContentPresence" time="0.089"/>
  <system-out/>
</testsuite> <!-- tests.IFrameTest -->
