<?xml version="1.0" encoding="UTF-8"?>
<!-- Generated by org.testng.reporters.JUnitReportReporter -->
<testsuite hostname="Khosruzs-MacBook-Pro.local" failures="0" tests="3" name="tests.LoginPageTest" time="5.735" errors="0" timestamp="2025-10-07T15:14:11 EDT" skipped="0">
  <testcase classname="tests.LoginPageTest" name="validatePageTitle" time="2.653"/>
  <system-out/>
  <testcase classname="tests.LoginPageTest" name="loginWithValidCredentials" time="1.212"/>
  <system-out/>
  <testcase classname="tests.LoginPageTest" name="loginWithInvalidCredentials" time="1.870"/>
  <system-out/>
</testsuite> <!-- tests.LoginPageTest -->
